{"name":"","id":"as-a-visitor--i-want-to-register-in-utest-by-filling-out-the-form;","testSteps":[{"number":1,"description":"Given than carlitos wants to register on the Utest website","duration":14103,"startTime":"2022-10-03T05:31:52.279-05:00[America/Bogota]","exception":{"errorType":"net.thucydides.core.webdriver.exceptions.ElementShouldBeEnabledException","message":"Expected enabled element was not enabled","stackTrace":[{"declaringClass":"co.com.choucair.certification.pruebasoraya2.tasks.Join","methodName":"performAs","fileName":"Join.java","lineNumber":19},{"declaringClass":"co.com.choucair.certification.pruebasoraya2.stepdefinitions.UtestStepDefinitions","methodName":"thanCarlitosWantsToRegisterOnTheUtestWebsite","fileName":"UtestStepDefinitions.java","lineNumber":20},{"declaringClass":"cucumber.runner.Runner","methodName":"runPickle","fileName":"Runner.java","lineNumber":80},{"declaringClass":"worker.org.gradle.process.internal.worker.GradleWorkerMain","methodName":"run","fileName":"GradleWorkerMain.java","lineNumber":69},{"declaringClass":"worker.org.gradle.process.internal.worker.GradleWorkerMain","methodName":"main","fileName":"GradleWorkerMain.java","lineNumber":74}],"rootCause":{"errorType":"org.openqa.selenium.TimeoutException","message":"Expected condition failed: waiting for By.id: unauthenticated-nav-bar__sign-up to be enabled (tried for 5 second(s) with 100 milliseconds interval)","stackTrace":[{"declaringClass":"co.com.choucair.certification.pruebasoraya2.tasks.Join","methodName":"performAs","fileName":"Join.java","lineNumber":19},{"declaringClass":"co.com.choucair.certification.pruebasoraya2.stepdefinitions.UtestStepDefinitions","methodName":"thanCarlitosWantsToRegisterOnTheUtestWebsite","fileName":"UtestStepDefinitions.java","lineNumber":20},{"declaringClass":"cucumber.runner.Runner","methodName":"runPickle","fileName":"Runner.java","lineNumber":80},{"declaringClass":"worker.org.gradle.process.internal.worker.GradleWorkerMain","methodName":"run","fileName":"GradleWorkerMain.java","lineNumber":69},{"declaringClass":"worker.org.gradle.process.internal.worker.GradleWorkerMain","methodName":"main","fileName":"GradleWorkerMain.java","lineNumber":74}],"rootCause":{"errorType":"org.openqa.selenium.NoSuchElementException","message":"Cannot locate an element using id\u003dunauthenticated-nav-bar__sign-up\nFor documentation on this error, please visit: https://www.seleniumhq.org/exceptions/no_such_element.html\nBuild info: version: \u00273.141.59\u0027, revision: \u0027e82be7d358\u0027, time: \u00272018-11-14T08:17:03\u0027\nSystem info: host: \u0027LAPTOP-ASA9TBCV\u0027, ip: \u0027192.168.1.6\u0027, os.name: \u0027Windows 11\u0027, os.arch: \u0027amd64\u0027, os.version: \u002710.0\u0027, java.version: \u00271.8.0_342\u0027\nDriver info: driver.version: RemoteWebDriver","stackTrace":[{"declaringClass":"co.com.choucair.certification.pruebasoraya2.tasks.Join","methodName":"performAs","fileName":"Join.java","lineNumber":19},{"declaringClass":"co.com.choucair.certification.pruebasoraya2.stepdefinitions.UtestStepDefinitions","methodName":"thanCarlitosWantsToRegisterOnTheUtestWebsite","fileName":"UtestStepDefinitions.java","lineNumber":20},{"declaringClass":"cucumber.runner.Runner","methodName":"runPickle","fileName":"Runner.java","lineNumber":80},{"declaringClass":"worker.org.gradle.process.internal.worker.GradleWorkerMain","methodName":"run","fileName":"GradleWorkerMain.java","lineNumber":69},{"declaringClass":"worker.org.gradle.process.internal.worker.GradleWorkerMain","methodName":"main","fileName":"GradleWorkerMain.java","lineNumber":74}]}}},"result":"FAILURE","precondition":false,"level":0,"lineNumber":0,"children":[{"number":2,"description":"Carlitos open up","duration":6197,"startTime":"2022-10-03T05:31:52.824-05:00[America/Bogota]","screenshots":[{"screenshot":"359fadb51a421450acd40fd1470866779591b04aa56e23cefc53a147dab185c5.png","timeStamp":1664793119021}],"result":"SUCCESS","precondition":false,"level":1,"lineNumber":0,"children":[{"number":3,"description":"Carlitos opens the Utest page","duration":6165,"startTime":"2022-10-03T05:31:52.838-05:00[America/Bogota]","screenshots":[{"screenshot":"359fadb51a421450acd40fd1470866779591b04aa56e23cefc53a147dab185c5.png","timeStamp":1664793119002}],"result":"SUCCESS","precondition":false,"level":2,"lineNumber":0}]},{"number":4,"description":"Carlitos join","duration":7346,"startTime":"2022-10-03T05:31:59.023-05:00[America/Bogota]","exception":{"errorType":"net.thucydides.core.webdriver.exceptions.ElementShouldBeEnabledException","message":"Expected enabled element was not enabled","stackTrace":[{"declaringClass":"co.com.choucair.certification.pruebasoraya2.tasks.Join","methodName":"performAs","fileName":"Join.java","lineNumber":19},{"declaringClass":"co.com.choucair.certification.pruebasoraya2.stepdefinitions.UtestStepDefinitions","methodName":"thanCarlitosWantsToRegisterOnTheUtestWebsite","fileName":"UtestStepDefinitions.java","lineNumber":20},{"declaringClass":"cucumber.runner.Runner","methodName":"runPickle","fileName":"Runner.java","lineNumber":80},{"declaringClass":"worker.org.gradle.process.internal.worker.GradleWorkerMain","methodName":"run","fileName":"GradleWorkerMain.java","lineNumber":69},{"declaringClass":"worker.org.gradle.process.internal.worker.GradleWorkerMain","methodName":"main","fileName":"GradleWorkerMain.java","lineNumber":74}],"rootCause":{"errorType":"org.openqa.selenium.TimeoutException","message":"Expected condition failed: waiting for By.id: unauthenticated-nav-bar__sign-up to be enabled (tried for 5 second(s) with 100 milliseconds interval)","stackTrace":[{"declaringClass":"co.com.choucair.certification.pruebasoraya2.tasks.Join","methodName":"performAs","fileName":"Join.java","lineNumber":19},{"declaringClass":"co.com.choucair.certification.pruebasoraya2.stepdefinitions.UtestStepDefinitions","methodName":"thanCarlitosWantsToRegisterOnTheUtestWebsite","fileName":"UtestStepDefinitions.java","lineNumber":20},{"declaringClass":"cucumber.runner.Runner","methodName":"runPickle","fileName":"Runner.java","lineNumber":80},{"declaringClass":"worker.org.gradle.process.internal.worker.GradleWorkerMain","methodName":"run","fileName":"GradleWorkerMain.java","lineNumber":69},{"declaringClass":"worker.org.gradle.process.internal.worker.GradleWorkerMain","methodName":"main","fileName":"GradleWorkerMain.java","lineNumber":74}],"rootCause":{"errorType":"org.openqa.selenium.NoSuchElementException","message":"Cannot locate an element using id\u003dunauthenticated-nav-bar__sign-up\nFor documentation on this error, please visit: https://www.seleniumhq.org/exceptions/no_such_element.html\nBuild info: version: \u00273.141.59\u0027, revision: \u0027e82be7d358\u0027, time: \u00272018-11-14T08:17:03\u0027\nSystem info: host: \u0027LAPTOP-ASA9TBCV\u0027, ip: \u0027192.168.1.6\u0027, os.name: \u0027Windows 11\u0027, os.arch: \u0027amd64\u0027, os.version: \u002710.0\u0027, java.version: \u00271.8.0_342\u0027\nDriver info: driver.version: RemoteWebDriver","stackTrace":[{"declaringClass":"co.com.choucair.certification.pruebasoraya2.tasks.Join","methodName":"performAs","fileName":"Join.java","lineNumber":19},{"declaringClass":"co.com.choucair.certification.pruebasoraya2.stepdefinitions.UtestStepDefinitions","methodName":"thanCarlitosWantsToRegisterOnTheUtestWebsite","fileName":"UtestStepDefinitions.java","lineNumber":20},{"declaringClass":"cucumber.runner.Runner","methodName":"runPickle","fileName":"Runner.java","lineNumber":80},{"declaringClass":"worker.org.gradle.process.internal.worker.GradleWorkerMain","methodName":"run","fileName":"GradleWorkerMain.java","lineNumber":69},{"declaringClass":"worker.org.gradle.process.internal.worker.GradleWorkerMain","methodName":"main","fileName":"GradleWorkerMain.java","lineNumber":74}]}}},"result":"FAILURE","precondition":false,"level":1,"lineNumber":0,"children":[{"number":5,"description":"Carlitos clicks on button that shows us the form to join","duration":7216,"startTime":"2022-10-03T05:31:59.138-05:00[America/Bogota]","exception":{"errorType":"net.thucydides.core.webdriver.exceptions.ElementShouldBeEnabledException","message":"Expected enabled element was not enabled","stackTrace":[{"declaringClass":"co.com.choucair.certification.pruebasoraya2.tasks.Join","methodName":"performAs","fileName":"Join.java","lineNumber":19},{"declaringClass":"co.com.choucair.certification.pruebasoraya2.stepdefinitions.UtestStepDefinitions","methodName":"thanCarlitosWantsToRegisterOnTheUtestWebsite","fileName":"UtestStepDefinitions.java","lineNumber":20},{"declaringClass":"cucumber.runner.Runner","methodName":"runPickle","fileName":"Runner.java","lineNumber":80},{"declaringClass":"worker.org.gradle.process.internal.worker.GradleWorkerMain","methodName":"run","fileName":"GradleWorkerMain.java","lineNumber":69},{"declaringClass":"worker.org.gradle.process.internal.worker.GradleWorkerMain","methodName":"main","fileName":"GradleWorkerMain.java","lineNumber":74}],"rootCause":{"errorType":"org.openqa.selenium.TimeoutException","message":"Expected condition failed: waiting for By.id: unauthenticated-nav-bar__sign-up to be enabled (tried for 5 second(s) with 100 milliseconds interval)","stackTrace":[{"declaringClass":"co.com.choucair.certification.pruebasoraya2.tasks.Join","methodName":"performAs","fileName":"Join.java","lineNumber":19},{"declaringClass":"co.com.choucair.certification.pruebasoraya2.stepdefinitions.UtestStepDefinitions","methodName":"thanCarlitosWantsToRegisterOnTheUtestWebsite","fileName":"UtestStepDefinitions.java","lineNumber":20},{"declaringClass":"cucumber.runner.Runner","methodName":"runPickle","fileName":"Runner.java","lineNumber":80},{"declaringClass":"worker.org.gradle.process.internal.worker.GradleWorkerMain","methodName":"run","fileName":"GradleWorkerMain.java","lineNumber":69},{"declaringClass":"worker.org.gradle.process.internal.worker.GradleWorkerMain","methodName":"main","fileName":"GradleWorkerMain.java","lineNumber":74}],"rootCause":{"errorType":"org.openqa.selenium.NoSuchElementException","message":"Cannot locate an element using id\u003dunauthenticated-nav-bar__sign-up\nFor documentation on this error, please visit: https://www.seleniumhq.org/exceptions/no_such_element.html\nBuild info: version: \u00273.141.59\u0027, revision: \u0027e82be7d358\u0027, time: \u00272018-11-14T08:17:03\u0027\nSystem info: host: \u0027LAPTOP-ASA9TBCV\u0027, ip: \u0027192.168.1.6\u0027, os.name: \u0027Windows 11\u0027, os.arch: \u0027amd64\u0027, os.version: \u002710.0\u0027, java.version: \u00271.8.0_342\u0027\nDriver info: driver.version: RemoteWebDriver","stackTrace":[{"declaringClass":"co.com.choucair.certification.pruebasoraya2.tasks.Join","methodName":"performAs","fileName":"Join.java","lineNumber":19},{"declaringClass":"co.com.choucair.certification.pruebasoraya2.stepdefinitions.UtestStepDefinitions","methodName":"thanCarlitosWantsToRegisterOnTheUtestWebsite","fileName":"UtestStepDefinitions.java","lineNumber":20},{"declaringClass":"cucumber.runner.Runner","methodName":"runPickle","fileName":"Runner.java","lineNumber":80},{"declaringClass":"worker.org.gradle.process.internal.worker.GradleWorkerMain","methodName":"run","fileName":"GradleWorkerMain.java","lineNumber":69},{"declaringClass":"worker.org.gradle.process.internal.worker.GradleWorkerMain","methodName":"main","fileName":"GradleWorkerMain.java","lineNumber":74}]}}},"result":"FAILURE","precondition":false,"level":2,"lineNumber":0}]}]},{"number":6,"description":"Then fill out the registration form to create new user","duration":2,"startTime":"2022-10-03T05:32:06.403-05:00[America/Bogota]","result":"SKIPPED","precondition":false,"level":0,"lineNumber":0}],"userStory":{"id":"as-a-visitor--i-want-to-register-in-utest-by-filling-out-the-form","storyName":"As a visitor, I want to register in utest by filling out the form","path":"src/test/resources/features/usuario.feature","type":"feature"},"featureTag":{"name":"Features/As a visitor, I want to register in utest by filling out the form","type":"feature","displayName":"Features/As a visitor, I want to register in utest by filling out the form"},"title":"","tags":[{"name":"As a visitor, I want to register in utest by filling out the form","type":"feature","displayName":"As a visitor, I want to register in utest by filling out the form"},{"name":"Scenario1","type":"tag","displayName":"Scenario1"},{"name":"stories","type":"tag","displayName":"stories"}],"startTime":"2022-10-03T05:31:52.146-05:00[America/Bogota]","duration":14259,"testFailureCause":{"errorType":"net.thucydides.core.webdriver.exceptions.ElementShouldBeEnabledException","message":"Expected enabled element was not enabled","stackTrace":[{"declaringClass":"co.com.choucair.certification.pruebasoraya2.tasks.Join","methodName":"performAs","fileName":"Join.java","lineNumber":19},{"declaringClass":"co.com.choucair.certification.pruebasoraya2.stepdefinitions.UtestStepDefinitions","methodName":"thanCarlitosWantsToRegisterOnTheUtestWebsite","fileName":"UtestStepDefinitions.java","lineNumber":20},{"declaringClass":"cucumber.runner.Runner","methodName":"runPickle","fileName":"Runner.java","lineNumber":80},{"declaringClass":"worker.org.gradle.process.internal.worker.GradleWorkerMain","methodName":"run","fileName":"GradleWorkerMain.java","lineNumber":69},{"declaringClass":"worker.org.gradle.process.internal.worker.GradleWorkerMain","methodName":"main","fileName":"GradleWorkerMain.java","lineNumber":74}],"rootCause":{"errorType":"org.openqa.selenium.TimeoutException","message":"Expected condition failed: waiting for By.id: unauthenticated-nav-bar__sign-up to be enabled (tried for 5 second(s) with 100 milliseconds interval)","stackTrace":[{"declaringClass":"co.com.choucair.certification.pruebasoraya2.tasks.Join","methodName":"performAs","fileName":"Join.java","lineNumber":19},{"declaringClass":"co.com.choucair.certification.pruebasoraya2.stepdefinitions.UtestStepDefinitions","methodName":"thanCarlitosWantsToRegisterOnTheUtestWebsite","fileName":"UtestStepDefinitions.java","lineNumber":20},{"declaringClass":"cucumber.runner.Runner","methodName":"runPickle","fileName":"Runner.java","lineNumber":80},{"declaringClass":"worker.org.gradle.process.internal.worker.GradleWorkerMain","methodName":"run","fileName":"GradleWorkerMain.java","lineNumber":69},{"declaringClass":"worker.org.gradle.process.internal.worker.GradleWorkerMain","methodName":"main","fileName":"GradleWorkerMain.java","lineNumber":74}],"rootCause":{"errorType":"org.openqa.selenium.NoSuchElementException","message":"Cannot locate an element using id\u003dunauthenticated-nav-bar__sign-up\nFor documentation on this error, please visit: https://www.seleniumhq.org/exceptions/no_such_element.html\nBuild info: version: \u00273.141.59\u0027, revision: \u0027e82be7d358\u0027, time: \u00272018-11-14T08:17:03\u0027\nSystem info: host: \u0027LAPTOP-ASA9TBCV\u0027, ip: \u0027192.168.1.6\u0027, os.name: \u0027Windows 11\u0027, os.arch: \u0027amd64\u0027, os.version: \u002710.0\u0027, java.version: \u00271.8.0_342\u0027\nDriver info: driver.version: RemoteWebDriver","stackTrace":[{"declaringClass":"co.com.choucair.certification.pruebasoraya2.tasks.Join","methodName":"performAs","fileName":"Join.java","lineNumber":19},{"declaringClass":"co.com.choucair.certification.pruebasoraya2.stepdefinitions.UtestStepDefinitions","methodName":"thanCarlitosWantsToRegisterOnTheUtestWebsite","fileName":"UtestStepDefinitions.java","lineNumber":20},{"declaringClass":"cucumber.runner.Runner","methodName":"runPickle","fileName":"Runner.java","lineNumber":80},{"declaringClass":"worker.org.gradle.process.internal.worker.GradleWorkerMain","methodName":"run","fileName":"GradleWorkerMain.java","lineNumber":69},{"declaringClass":"worker.org.gradle.process.internal.worker.GradleWorkerMain","methodName":"main","fileName":"GradleWorkerMain.java","lineNumber":74}]}}},"testFailureClassname":"net.thucydides.core.webdriver.exceptions.ElementShouldBeEnabledException","testFailureMessage":"Expected enabled element was not enabled","testFailureSummary":"FAILURE;net.thucydides.core.webdriver.exceptions.ElementShouldBeEnabledException;Expected enabled element was not enabled;Join.java","projectKey":"","annotatedResult":"FAILURE","sessionId":"d610c4b35332db332d7a0e4f27fa5c82","driver":"chrome:carlitos","isManualTestingUpToDate":false,"manual":false,"testSource":"Cucumber","actors":[{"name":"Carlitos","can":["browse the web"]}],"result":"FAILURE"}